<?xml version="1.0" encoding="UTF-8"?>
<!-- Generated by org.testng.reporters.JUnitReportReporter -->
<testsuite hostname="kero-shafik" failures="0" tests="1" name="org.rahulshetty.CartPageTest" time="49.987" errors="0" timestamp="30 Jul 2024 08:43:33 GMT" skipped="0">
  <testcase classname="org.rahulshetty.CartPageTest" name="TestCart" time="49.987"/>
</testsuite> <!-- org.rahulshetty.CartPageTest -->
