<?xml version="1.0" encoding="UTF-8"?>
<!-- Generated by org.testng.reporters.JUnitReportReporter -->
<testsuite hostname="kero-shafik" failures="0" tests="3" name="org.rahulshetty.FormPageTest" time="67.140" errors="0" timestamp="01 Aug 2024 07:20:24 GMT" skipped="0">
  <testcase classname="org.rahulshetty.FormPageTest" name="FillForm_HappyScenario" time="19.249"/>
  <testcase classname="org.rahulshetty.FormPageTest" name="FillForm_HappyScenario" time="22.633"/>
  <testcase classname="org.rahulshetty.FormPageTest" name="FillForm_ErrorValidation" time="25.258"/>
</testsuite> <!-- org.rahulshetty.FormPageTest -->
